# JRE version: OpenJDK Runtime Environment Temurin-21.0.5+11 (21.0.5+11) (build 21.0.5+11-LTS)
# Java VM: OpenJDK 64-Bit Server VM Temurin-21.0.5+11 (21.0.5+11-LTS, mixed mode, emulated-client, sharing, tiered, compressed oops, compressed class ptrs, g1 gc, windows-amd64)
GC Precious Log:
 CardTable entry size: 512
 Card Set container configuration: InlinePtr #cards 5 size 8 Array Of Cards #cards 12 size 40 Howl #buckets 4 coarsen threshold 1843 Howl Bitmap #cards 512 size 80 coarsen threshold 460 Card regions per heap region 1 cards per card region 2048
 CPUs: 12 total, 12 available
 Memory: 7885M
 Large Page Support: Disabled
 NUMA Support: Disabled
 Compressed Oops: Enabled (32-bit)
 Heap Region Size: 1M
 Heap Min Capacity: 8M
 Heap Initial Capacity: 124M
 Heap Max Capacity: 1G
 Pre-touch: Disabled
 Parallel Workers: 10
 Concurrent Workers: 3
 Concurrent Refinement Workers: 10
 Periodic GC: Disabled
Heap:
 garbage-first heap   total 101376K, used 39965K [0x00000000c0000000, 0x0000000100000000)
  region size 1024K, 1 young (1024K), 0 survivors (0K)
 Metaspace       used 53734K, committed 55040K, reserved 1114112K
  class space    used 6550K, committed 7040K, reserved 1048576K
GC Heap History (20 events):
Event: 918.896 GC heap after
{Heap after GC invocations=97 (full 86):
 garbage-first heap   total 101376K, used 39965K [0x00000000c0000000, 0x0000000100000000)
  region size 1024K, 0 young (0K), 0 survivors (0K)
 Metaspace       used 53734K, committed 55040K, reserved 1114112K
  class space    used 6550K, committed 7040K, reserved 1048576K
}
Event: 929.103 GC heap before
{Heap before GC invocations=97 (full 86):
 garbage-first heap   total 101376K, used 39965K [0x00000000c0000000, 0x0000000100000000)
  region size 1024K, 1 young (1024K), 0 survivors (0K)
 Metaspace       used 53734K, committed 55040K, reserved 1114112K
  class space    used 6550K, committed 7040K, reserved 1048576K
}
Event: 929.173 GC heap after
{Heap after GC invocations=98 (full 87):
 garbage-first heap   total 101376K, used 39965K [0x00000000c0000000, 0x0000000100000000)
  region size 1024K, 0 young (0K), 0 survivors (0K)
 Metaspace       used 53734K, committed 55040K, reserved 1114112K
  class space    used 6550K, committed 7040K, reserved 1048576K
}
Event: 939.395 GC heap before
{Heap before GC invocations=98 (full 87):
 garbage-first heap   total 101376K, used 39965K [0x00000000c0000000, 0x0000000100000000)
  region size 1024K, 1 young (1024K), 0 survivors (0K)
 Metaspace       used 53734K, committed 55040K, reserved 1114112K
  class space    used 6550K, committed 7040K, reserved 1048576K
}
Event: 939.461 GC heap after
{Heap after GC invocations=99 (full 88):
 garbage-first heap   total 101376K, used 39965K [0x00000000c0000000, 0x0000000100000000)
  region size 1024K, 0 young (0K), 0 survivors (0K)
 Metaspace       used 53734K, committed 55040K, reserved 1114112K
  class space    used 6550K, committed 7040K, reserved 1048576K
}
Event: 949.677 GC heap before
{Heap before GC invocations=99 (full 88):
 garbage-first heap   total 101376K, used 39965K [0x00000000c0000000, 0x0000000100000000)
  region size 1024K, 1 young (1024K), 0 survivors (0K)
 Metaspace       used 53734K, committed 55040K, reserved 1114112K
  class space    used 6550K, committed 7040K, reserved 1048576K
}
Event: 949.743 GC heap after
{Heap after GC invocations=100 (full 89):
 garbage-first heap   total 101376K, used 39965K [0x00000000c0000000, 0x0000000100000000)
  region size 1024K, 0 young (0K), 0 survivors (0K)
 Metaspace       used 53734K, committed 55040K, reserved 1114112K
  class space    used 6550K, committed 7040K, reserved 1048576K
}
Event: 959.964 GC heap before
{Heap before GC invocations=100 (full 89):
 garbage-first heap   total 101376K, used 39965K [0x00000000c0000000, 0x0000000100000000)
  region size 1024K, 1 young (1024K), 0 survivors (0K)
 Metaspace       used 53734K, committed 55040K, reserved 1114112K
  class space    used 6550K, committed 7040K, reserved 1048576K
}
Event: 960.027 GC heap after
{Heap after GC invocations=101 (full 90):
 garbage-first heap   total 101376K, used 39965K [0x00000000c0000000, 0x0000000100000000)
  region size 1024K, 0 young (0K), 0 survivors (0K)
 Metaspace       used 53734K, committed 55040K, reserved 1114112K
  class space    used 6550K, committed 7040K, reserved 1048576K
}
Event: 970.268 GC heap before
{Heap before GC invocations=101 (full 90):
 garbage-first heap   total 101376K, used 39965K [0x00000000c0000000, 0x0000000100000000)
  region size 1024K, 1 young (1024K), 0 survivors (0K)
 Metaspace       used 53734K, committed 55040K, reserved 1114112K
  class space    used 6550K, committed 7040K, reserved 1048576K
}
Event: 970.334 GC heap after
{Heap after GC invocations=102 (full 91):
 garbage-first heap   total 101376K, used 39965K [0x00000000c0000000, 0x0000000100000000)
  region size 1024K, 0 young (0K), 0 survivors (0K)
 Metaspace       used 53734K, committed 55040K, reserved 1114112K
  class space    used 6550K, committed 7040K, reserved 1048576K
}
Event: 980.644 GC heap before
{Heap before GC invocations=102 (full 91):
 garbage-first heap   total 101376K, used 39965K [0x00000000c0000000, 0x0000000100000000)
  region size 1024K, 1 young (1024K), 0 survivors (0K)
 Metaspace       used 53734K, committed 55040K, reserved 1114112K
  class space    used 6550K, committed 7040K, reserved 1048576K
}
Event: 980.707 GC heap after
{Heap after GC invocations=103 (full 92):
 garbage-first heap   total 101376K, used 39965K [0x00000000c0000000, 0x0000000100000000)
  region size 1024K, 0 young (0K), 0 survivors (0K)
 Metaspace       used 53734K, committed 55040K, reserved 1114112K
  class space    used 6550K, committed 7040K, reserved 1048576K
}
Event: 990.968 GC heap before
{Heap before GC invocations=103 (full 92):
 garbage-first heap   total 101376K, used 39965K [0x00000000c0000000, 0x0000000100000000)
  region size 1024K, 1 young (1024K), 0 survivors (0K)
 Metaspace       used 53734K, committed 55040K, reserved 1114112K
  class space    used 6550K, committed 7040K, reserved 1048576K
}
Event: 991.034 GC heap after
{Heap after GC invocations=104 (full 93):
 garbage-first heap   total 101376K, used 39965K [0x00000000c0000000, 0x0000000100000000)
  region size 1024K, 0 young (0K), 0 survivors (0K)
 Metaspace       used 53734K, committed 55040K, reserved 1114112K
  class space    used 6550K, committed 7040K, reserved 1048576K
}
Event: 1001.362 GC heap before
{Heap before GC invocations=104 (full 93):
 garbage-first heap   total 101376K, used 39965K [0x00000000c0000000, 0x0000000100000000)
  region size 1024K, 1 young (1024K), 0 survivors (0K)
 Metaspace       used 53734K, committed 55040K, reserved 1114112K
  class space    used 6550K, committed 7040K, reserved 1048576K
}
Event: 1001.426 GC heap after
{Heap after GC invocations=105 (full 94):
 garbage-first heap   total 101376K, used 39965K [0x00000000c0000000, 0x0000000100000000)
  region size 1024K, 0 young (0K), 0 survivors (0K)
 Metaspace       used 53734K, committed 55040K, reserved 1114112K
  class space    used 6550K, committed 7040K, reserved 1048576K
}
Event: 1011.687 GC heap before
{Heap before GC invocations=105 (full 94):
 garbage-first heap   total 101376K, used 39965K [0x00000000c0000000, 0x0000000100000000)
  region size 1024K, 1 young (1024K), 0 survivors (0K)
 Metaspace       used 53734K, committed 55040K, reserved 1114112K
  class space    used 6550K, committed 7040K, reserved 1048576K
}
Event: 1011.747 GC heap after
{Heap after GC invocations=106 (full 95):
 garbage-first heap   total 101376K, used 39965K [0x00000000c0000000, 0x0000000100000000)
  region size 1024K, 0 young (0K), 0 survivors (0K)
 Metaspace       used 53734K, committed 55040K, reserved 1114112K
  class space    used 6550K, committed 7040K, reserved 1048576K
}
Event: 1021.945 GC heap before
{Heap before GC invocations=106 (full 95):
 garbage-first heap   total 101376K, used 39965K [0x00000000c0000000, 0x0000000100000000)
  region size 1024K, 1 young (1024K), 0 survivors (0K)
 Metaspace       used 53734K, committed 55040K, reserved 1114112K
  class space    used 6550K, committed 7040K, reserved 1048576K
}

